<?xml version="1.0" encoding="UTF-8"?>
<testng-results ignored="0" total="1" passed="1" failed="0" skipped="0">
  <reporter-output>
  </reporter-output>
  <suite started-at="2023-04-22T16:46:23 IST" name="Suite" finished-at="2023-04-22T16:46:58 IST" duration-ms="35093">
    <groups>
    </groups>
    <test started-at="2023-04-22T16:46:23 IST" name="Test" finished-at="2023-04-22T16:46:58 IST" duration-ms="35093">
      <class name="TestScenarios.TestMethods">
        <test-method is-config="true" signature="beforeTest()[pri:0, instance:TestScenarios.TestMethods@2a265ea9]" started-at="2023-04-22T16:46:23 IST" name="beforeTest" finished-at="2023-04-22T16:46:29 IST" duration-ms="5951" status="PASS">
          <reporter-output>
          </reporter-output>
        </test-method> <!-- beforeTest -->
        <test-method signature="testMethod1()[pri:0, instance:TestScenarios.TestMethods@2a265ea9]" started-at="2023-04-22T16:46:29 IST" name="testMethod1" finished-at="2023-04-22T16:46:54 IST" duration-ms="24592" status="PASS">
          <reporter-output>
          </reporter-output>
        </test-method> <!-- testMethod1 -->
        <test-method is-config="true" signature="afterTest()[pri:0, instance:TestScenarios.TestMethods@2a265ea9]" started-at="2023-04-22T16:46:54 IST" name="afterTest" finished-at="2023-04-22T16:46:58 IST" duration-ms="4465" status="PASS">
          <reporter-output>
          </reporter-output>
        </test-method> <!-- afterTest -->
      </class> <!-- TestScenarios.TestMethods -->
    </test> <!-- Test -->
  </suite> <!-- Suite -->
</testng-results>
